<?xml version="1.0" encoding="UTF-8"?>
<!-- Generated by org.testng.reporters.JUnitXMLReporter -->
<testsuite hostname="acer" ignored="4" name="CRMAUtomation" tests="8" failures="0" timestamp="2020-05-24T15:29:33 IST" time="320.818" errors="0">
  <testcase name="verifyPageTitle" time="0.018" classname="com.crm.qa.testcases.LoginpageTestCases"/>
  <testcase name="addNewContact" time="3.781" classname="com.crm.qa.testcases.ContactsPageTest"/>
  <testcase name="addNewContact" time="3.954" classname="com.crm.qa.testcases.ContactsPageTest"/>
  <testcase name="addNewContact" time="3.706" classname="com.crm.qa.testcases.ContactsPageTest"/>
  <testcase name="addNewContact" time="3.986" classname="com.crm.qa.testcases.ContactsPageTest"/>
  <testcase name="verifyPageTitle" time="0.004" classname="com.crm.qa.testcases.HomePageTestCases"/>
  <testcase name="verifyWelcomeText" time="0.943" classname="com.crm.qa.testcases.HomePageTestCases"/>
  <testcase name="clickOnContactsLink" time="1.173" classname="com.crm.qa.testcases.HomePageTestCases"/>
  <testcase name="verifyWelcomeText" time="0.0" classname="com.crm.qa.testcases.ContactsPageTest">
    <ignored/>
  </testcase> <!-- verifyWelcomeText -->
  <testcase name="signin" time="0.0" classname="com.crm.qa.testcases.LoginpageTestCases">
    <ignored/>
  </testcase> <!-- signin -->
  <testcase name="selectMultipleContacts" time="0.0" classname="com.crm.qa.testcases.ContactsPageTest">
    <ignored/>
  </testcase> <!-- selectMultipleContacts -->
  <testcase name="selectSingleContact" time="0.0" classname="com.crm.qa.testcases.ContactsPageTest">
    <ignored/>
  </testcase> <!-- selectSingleContact -->
</testsuite> <!-- CRMAUtomation -->
