<?xml version="1.0" encoding="UTF-8"?>
<!-- Generated by org.testng.reporters.JUnitXMLReporter -->
<testsuite hostname="acer" ignored="3" name="Default test" tests="4" failures="0" timestamp="22 May 2020 11:54:30 GMT" time="184.879" errors="0">
  <testcase name="addNewContact" time="5.568" classname="com.crm.qa.testcases.ContactsPageTest"/>
  <testcase name="addNewContact" time="4.287" classname="com.crm.qa.testcases.ContactsPageTest"/>
  <testcase name="addNewContact" time="5.093" classname="com.crm.qa.testcases.ContactsPageTest"/>
  <testcase name="addNewContact" time="4.299" classname="com.crm.qa.testcases.ContactsPageTest"/>
  <testcase name="verifyWelcomeText" time="0.0" classname="com.crm.qa.testcases.ContactsPageTest">
    <ignored/>
  </testcase> <!-- verifyWelcomeText -->
  <testcase name="selectMultipleContacts" time="0.0" classname="com.crm.qa.testcases.ContactsPageTest">
    <ignored/>
  </testcase> <!-- selectMultipleContacts -->
  <testcase name="selectSingleContact" time="0.0" classname="com.crm.qa.testcases.ContactsPageTest">
    <ignored/>
  </testcase> <!-- selectSingleContact -->
</testsuite> <!-- Default test -->
